{
  "0 debug pnpm:scope": {
    "selected": 1,
    "workspacePrefix": "/Users/adrienkissie/projects/kisscam"
  },
  "1 error pnpm": {
    "errno": 1,
    "code": "ELIFECYCLE",
    "pkgid": "supabase@1.0.0",
    "stage": "dev",
    "script": "docker-compose  -f docker-compose.yml  -f ./dev/docker-compose.dev.yml up -d",
    "pkgname": "supabase",
    "err": {
      "name": "pnpm",
      "message": "supabase@1.0.0 dev: `docker-compose  -f docker-compose.yml  -f ./dev/docker-compose.dev.yml up -d`\nExit status 1",
      "code": "ELIFECYCLE",
      "stack": "pnpm: supabase@1.0.0 dev: `docker-compose  -f docker-compose.yml  -f ./dev/docker-compose.dev.yml up -d`\nExit status 1\n    at EventEmitter.<anonymous> (/snapshot/dist/pnpm.cjs)\n    at EventEmitter.emit (events.js:376:20)\n    at ChildProcess.<anonymous> (/snapshot/dist/pnpm.cjs)\n    at ChildProcess.emit (events.js:376:20)\n    at maybeClose (internal/child_process.js:1055:16)\n    at Process.ChildProcess._handle.onexit (internal/child_process.js:288:5)"
    }
  },
  "2 warn pnpm:global": " Local package.json exists, but node_modules missing, did you mean to install?"
}